{"/home/muhazi/mini-project-test/helpers/jwt.js": {"path":"/home/muhazi/mini-project-test/helpers/jwt.js","statementMap":{"0":{"start":{"line":2,"column":12},"end":{"line":2,"column":35}},"1":{"start":{"line":4,"column":0},"end":{"line":4,"column":27}},"2":{"start":{"line":8,"column":2},"end":{"line":8,"column":65}},"3":{"start":{"line":13,"column":2},"end":{"line":13,"column":65}},"4":{"start":{"line":16,"column":0},"end":{"line":19,"column":2}}},"fnMap":{"0":{"name":"generateToken","decl":{"start":{"line":7,"column":9},"end":{"line":7,"column":22}},"loc":{"start":{"line":7,"column":32},"end":{"line":9,"column":1}},"line":7},"1":{"name":"decodeToken","decl":{"start":{"line":12,"column":9},"end":{"line":12,"column":20}},"loc":{"start":{"line":12,"column":28},"end":{"line":14,"column":1}},"line":12}},"branchMap":{"0":{"loc":{"start":{"line":8,"column":27},"end":{"line":8,"column":63}},"type":"binary-expr","locations":[{"start":{"line":8,"column":27},"end":{"line":8,"column":53}},{"start":{"line":8,"column":57},"end":{"line":8,"column":63}}],"line":8},"1":{"loc":{"start":{"line":13,"column":27},"end":{"line":13,"column":63}},"type":"binary-expr","locations":[{"start":{"line":13,"column":27},"end":{"line":13,"column":53}},{"start":{"line":13,"column":57},"end":{"line":13,"column":63}}],"line":13}},"s":{"0":1,"1":1,"2":2,"3":2,"4":1},"f":{"0":2,"1":2},"b":{"0":[2,2],"1":[2,2]},"_coverageSchema":"1a1c01bbd47fc00a2c39e90264f33305004495a9","hash":"0821fcbac21a2d9c0fffe1cfdf8e35fd6615b2dd"}
}
